<?xml version="1.0" encoding="UTF-8"?>
<testng-results ignored="0" total="1" passed="1" failed="0" skipped="0">
  <reporter-output>
  </reporter-output>
  <suite started-at="2021-12-29T11:30:46 IST" name="Default suite" finished-at="2021-12-29T11:33:05 IST" duration-ms="139175">
    <groups>
    </groups>
    <test started-at="2021-12-29T11:30:46 IST" name="Default test" finished-at="2021-12-29T11:33:05 IST" duration-ms="139175">
      <class name="com.barcode.scanner.ss1.Qr_Code_scanner">
        <test-method signature="setup()[pri:0, instance:com.barcode.scanner.ss1.Qr_Code_scanner@72035809]" started-at="2021-12-29T11:30:46 IST" name="setup" finished-at="2021-12-29T11:33:05 IST" duration-ms="139040" status="PASS">
          <reporter-output>
          </reporter-output>
        </test-method> <!-- setup -->
      </class> <!-- com.barcode.scanner.ss1.Qr_Code_scanner -->
    </test> <!-- Default test -->
  </suite> <!-- Default suite -->
</testng-results>
